0 info it worked if it ends with ok
1 verbose cli [ '/usr/bin/nodejs', '/usr/bin/npm', 'start' ]
2 info using npm@3.10.10
3 info using node@v6.9.5
4 verbose run-script [ 'prestart', 'start', 'poststart' ]
5 info lifecycle smartdoctor@1.0.0~prestart: smartdoctor@1.0.0
6 silly lifecycle smartdoctor@1.0.0~prestart: no script for prestart, continuing
7 info lifecycle smartdoctor@1.0.0~start: smartdoctor@1.0.0
8 verbose lifecycle smartdoctor@1.0.0~start: unsafe-perm in lifecycle true
9 verbose lifecycle smartdoctor@1.0.0~start: PATH: /usr/lib/node_modules/npm/bin/node-gyp-bin:/home/ghassen/Bureau/pfa/projetPfa/node_modules/.bin:/home/ghassen/Android/Sdk/tools:/home/ghassen/Android/Sdk/platform-tools:/home/ghassen/bin:/home/ghassen/.local/bin:/usr/local/sbin:/usr/local/bin:/usr/sbin:/usr/bin:/sbin:/bin:/usr/games:/usr/local/games:/snap/bin:/usr/lib/jvm/java-8-oracle/bin:/usr/lib/jvm/java-8-oracle/db/bin:/usr/lib/jvm/java-8-oracle/jre/bin:/usr/lib/jvm/java-8-oracle/bin:/usr/lib/jvm/java-8-oracle/jre/bin:/home/ghassen/Android/Sdk/bin:/home/ghassen/Android/Sdk/tools:/home/ghassen/Android/Sdk/platform-tools:/home/ghassen/Android/Sdk/bin:/usr/local/cuda-8.0/bin:/home/ghassen/code/caffe/python:/home/ghassen/code/caffe/distribute/python/python/caffe:/usr/local/lib/python2.7
10 verbose lifecycle smartdoctor@1.0.0~start: CWD: /home/ghassen/Bureau/pfa/projetPfa
11 silly lifecycle smartdoctor@1.0.0~start: Args: [ '-c', 'node server.js' ]
12 silly lifecycle smartdoctor@1.0.0~start: Returned: code: 1  signal: null
13 info lifecycle smartdoctor@1.0.0~start: Failed to exec start script
14 verbose stack Error: smartdoctor@1.0.0 start: `node server.js`
14 verbose stack Exit status 1
14 verbose stack     at EventEmitter.<anonymous> (/usr/lib/node_modules/npm/lib/utils/lifecycle.js:255:16)
14 verbose stack     at emitTwo (events.js:106:13)
14 verbose stack     at EventEmitter.emit (events.js:191:7)
14 verbose stack     at ChildProcess.<anonymous> (/usr/lib/node_modules/npm/lib/utils/spawn.js:40:14)
14 verbose stack     at emitTwo (events.js:106:13)
14 verbose stack     at ChildProcess.emit (events.js:191:7)
14 verbose stack     at maybeClose (internal/child_process.js:877:16)
14 verbose stack     at Process.ChildProcess._handle.onexit (internal/child_process.js:226:5)
15 verbose pkgid smartdoctor@1.0.0
16 verbose cwd /home/ghassen/Bureau/pfa/projetPfa
17 error Linux 4.4.0-71-generic
18 error argv "/usr/bin/nodejs" "/usr/bin/npm" "start"
19 error node v6.9.5
20 error npm  v3.10.10
21 error code ELIFECYCLE
22 error smartdoctor@1.0.0 start: `node server.js`
22 error Exit status 1
23 error Failed at the smartdoctor@1.0.0 start script 'node server.js'.
23 error Make sure you have the latest version of node.js and npm installed.
23 error If you do, this is most likely a problem with the smartdoctor package,
23 error not with npm itself.
23 error Tell the author that this fails on your system:
23 error     node server.js
23 error You can get information on how to open an issue for this project with:
23 error     npm bugs smartdoctor
23 error Or if that isn't available, you can get their info via:
23 error     npm owner ls smartdoctor
23 error There is likely additional logging output above.
24 verbose exit [ 1, true ]
